SF:C:\work\personal\projects\CoupleFinance\Services\Identity\Domain\Users\Password.cs
FN:13,System.ValueTuple`2<System.Boolean,System.String> Domain.Users.Password::Validate(System.String)
FNDA:10,System.ValueTuple`2<System.Boolean,System.String> Domain.Users.Password::Validate(System.String)
DA:14,10
DA:15,10
DA:16,10
DA:17,10
DA:18,10
DA:19,10
DA:20,10
DA:21,10
DA:22,10
DA:23,1
DA:24,1
DA:25,1
DA:26,1
DA:27,10
DA:28,0
DA:29,0
DA:30,0
DA:31,0
DA:32,10
DA:33,0
DA:34,0
DA:35,0
DA:36,0
DA:37,10
DA:38,0
DA:39,0
DA:40,0
DA:41,0
DA:42,10
DA:43,1
DA:44,1
DA:45,1
DA:46,1
DA:48,10
DA:49,10
BRDA:22,81,0,1
BRDA:22,81,1,10
BRDA:27,114,0,0
BRDA:27,114,1,10
BRDA:32,147,0,0
BRDA:32,147,1,10
BRDA:37,181,0,0
BRDA:37,181,1,10
BRDA:42,215,0,1
BRDA:42,215,1,10
FN:51,System.String Domain.Users.Password::GenerateRandom()
FNDA:8,System.String Domain.Users.Password::GenerateRandom()
DA:52,8
DA:53,8
DA:54,8
DA:55,8
DA:57,8
DA:58,8
DA:59,8
DA:60,8
DA:61,8
DA:62,8
LF:45
LH:33
BRF:10
BRH:7
FNF:2
FNH:2
end_of_record
SF:C:\work\personal\projects\CoupleFinance\Services\Identity\Domain\Users\User.cs
FN:6,System.Guid Domain.Users.User::get_Id()
FNDA:10,System.Guid Domain.Users.User::get_Id()
DA:7,10
FN:7,System.String Domain.Users.User::get_Name()
FNDA:9,System.String Domain.Users.User::get_Name()
DA:8,9
FN:8,System.String Domain.Users.User::get_Email()
FNDA:8,System.String Domain.Users.User::get_Email()
DA:9,8
FN:9,System.String Domain.Users.User::get_Password()
FNDA:10,System.String Domain.Users.User::get_Password()
DA:10,10
FN:10,System.Boolean Domain.Users.User::get_Active()
FNDA:11,System.Boolean Domain.Users.User::get_Active()
DA:11,11
FN:22,System.Void Domain.Users.User::ChangeName(System.String)
FNDA:10,System.Void Domain.Users.User::ChangeName(System.String)
DA:23,10
DA:24,10
DA:25,1
DA:26,9
DA:27,9
BRDA:24,9,0,1
BRDA:24,9,1,9
FN:28,System.Void Domain.Users.User::ChangeEmail(System.String)
FNDA:9,System.Void Domain.Users.User::ChangeEmail(System.String)
DA:29,9
DA:30,9
DA:31,1
DA:32,8
DA:33,8
BRDA:30,9,0,1
BRDA:30,9,1,8
FN:34,System.Void Domain.Users.User::ChangePassword(System.String,System.String)
FNDA:12,System.Void Domain.Users.User::ChangePassword(System.String,System.String)
DA:35,12
DA:36,12
DA:37,1
DA:39,11
DA:40,1
DA:42,10
DA:43,10
DA:44,1
DA:45,9
DA:46,9
BRDA:36,7,0,11
BRDA:36,7,1,1
BRDA:36,20,0,1
BRDA:36,20,1,11
BRDA:39,42,0,1
BRDA:39,42,1,10
BRDA:43,73,0,1
BRDA:43,73,1,9
FN:47,System.Boolean Domain.Users.User::VerifyPassword(System.String)
FNDA:1,System.Boolean Domain.Users.User::VerifyPassword(System.String)
DA:48,1
DA:49,1
DA:50,1
FN:50,System.Void Domain.Users.User::Activate()
FNDA:8,System.Void Domain.Users.User::Activate()
DA:51,8
FN:51,System.Void Domain.Users.User::Disable()
FNDA:1,System.Void Domain.Users.User::Disable()
DA:52,1
FN:11,System.Void Domain.Users.User::.ctor(System.String,System.String)
FNDA:10,System.Void Domain.Users.User::.ctor(System.String,System.String)
DA:12,10
DA:13,10
DA:14,10
DA:15,10
DA:16,9
DA:17,8
DA:18,8
DA:19,8
DA:20,8
LF:39
LH:39
BRF:12
BRH:12
FNF:12
FNH:12
end_of_record
SF:C:\work\personal\projects\CoupleFinance\Services\Identity\Domain\Users\UserException.cs
FN:6,System.Void Domain.Users.UserException::.ctor()
FNDA:0,System.Void Domain.Users.UserException::.ctor()
DA:7,0
DA:8,0
DA:9,0
FN:10,System.Void Domain.Users.UserException::.ctor(System.String)
FNDA:5,System.Void Domain.Users.UserException::.ctor(System.String)
DA:11,5
DA:12,5
DA:13,5
LF:6
LH:3
BRF:0
BRH:0
FNF:2
FNH:1
end_of_record