SF:C:\work\personal\projects\CoupleFinance\Services\Identity\Api\Program.cs
FN:14,System.Void Api.Program::Main(System.String[])
FNDA:0,System.Void Api.Program::Main(System.String[])
DA:15,0
DA:16,0
DA:17,0
FN:19,Microsoft.Extensions.Hosting.IHostBuilder Api.Program::CreateHostBuilder(System.String[])
FNDA:0,Microsoft.Extensions.Hosting.IHostBuilder Api.Program::CreateHostBuilder(System.String[])
DA:20,0
DA:21,0
DA:22,0
DA:23,0
DA:24,0
LF:8
LH:0
BRF:0
BRH:0
FNF:2
FNH:0
end_of_record
SF:C:\work\personal\projects\CoupleFinance\Services\Identity\Api\Startup.cs
FN:24,Microsoft.Extensions.Configuration.IConfiguration Api.Startup::get_Configuration()
FNDA:0,Microsoft.Extensions.Configuration.IConfiguration Api.Startup::get_Configuration()
DA:25,0
FN:28,System.Void Api.Startup::ConfigureServices(Microsoft.Extensions.DependencyInjection.IServiceCollection)
FNDA:0,System.Void Api.Startup::ConfigureServices(Microsoft.Extensions.DependencyInjection.IServiceCollection)
DA:29,0
DA:31,0
DA:32,0
DA:34,0
DA:35,0
DA:36,0
DA:37,0
DA:40,0
DA:41,0
DA:42,0
DA:43,0
DA:44,0
DA:45,0
DA:46,0
DA:48,0
DA:49,0
DA:50,0
DA:51,0
DA:52,0
DA:53,0
DA:55,0
FN:58,System.Void Api.Startup::Configure(Microsoft.AspNetCore.Builder.IApplicationBuilder,Microsoft.AspNetCore.Hosting.IWebHostEnvironment)
FNDA:0,System.Void Api.Startup::Configure(Microsoft.AspNetCore.Builder.IApplicationBuilder,Microsoft.AspNetCore.Hosting.IWebHostEnvironment)
DA:59,0
DA:60,0
DA:61,0
DA:62,0
DA:63,0
DA:64,0
DA:65,0
DA:67,0
DA:69,0
DA:71,0
DA:73,0
DA:74,0
DA:75,0
DA:76,0
DA:77,0
BRDA:60,9,0,0
BRDA:60,9,1,0
FN:19,System.Void Api.Startup::.ctor(Microsoft.Extensions.Configuration.IConfiguration)
FNDA:0,System.Void Api.Startup::.ctor(Microsoft.Extensions.Configuration.IConfiguration)
DA:20,0
DA:21,0
DA:22,0
DA:23,0
LF:41
LH:0
BRF:2
BRH:0
FNF:4
FNH:0
end_of_record
SF:C:\work\personal\projects\CoupleFinance\Services\Identity\Api\Users\IUserQuery.cs
FN:18,System.Guid Api.Users.UserView::get_Id()
FNDA:0,System.Guid Api.Users.UserView::get_Id()
DA:19,0
FN:19,System.String Api.Users.UserView::get_Name()
FNDA:0,System.String Api.Users.UserView::get_Name()
DA:20,0
FN:20,System.String Api.Users.UserView::get_Email()
FNDA:0,System.String Api.Users.UserView::get_Email()
DA:21,0
FN:21,System.Boolean Api.Users.UserView::get_Active()
FNDA:0,System.Boolean Api.Users.UserView::get_Active()
DA:22,0
FN:48,System.Linq.Expressions.Expression`1<System.Func`2<Domain.Users.User,Api.Users.UserView>> Api.Users.UsersQuery::EntityToView()
FNDA:0,System.Linq.Expressions.Expression`1<System.Func`2<Domain.Users.User,Api.Users.UserView>> Api.Users.UsersQuery::EntityToView()
DA:49,0
DA:50,0
DA:51,0
DA:52,0
DA:53,0
DA:54,0
DA:55,0
DA:56,0
DA:57,0
FN:29,System.Void Api.Users.UsersQuery::.ctor(Infra.UserContext)
FNDA:0,System.Void Api.Users.UsersQuery::.ctor(Infra.UserContext)
DA:30,0
DA:31,0
DA:32,0
DA:33,0
FN:35,System.Void Api.Users.UsersQuery/<Get>d__2::MoveNext()
FNDA:0,System.Void Api.Users.UsersQuery/<Get>d__2::MoveNext()
DA:36,0
DA:37,0
DA:38,0
DA:39,0
DA:40,0
DA:41,0
FN:43,System.Void Api.Users.UsersQuery/<Get>d__3::MoveNext()
FNDA:0,System.Void Api.Users.UsersQuery/<Get>d__3::MoveNext()
DA:44,0
DA:45,0
DA:46,0
LF:26
LH:0
BRF:0
BRH:0
FNF:8
FNH:0
end_of_record
SF:C:\work\personal\projects\CoupleFinance\Services\Identity\Api\Users\NewUser.cs
FN:13,System.String Api.Users.NewUser::get_Name()
FNDA:8,System.String Api.Users.NewUser::get_Name()
DA:14,8
FN:14,System.String Api.Users.NewUser::get_Email()
FNDA:8,System.String Api.Users.NewUser::get_Email()
DA:15,8
FN:19,System.Void Api.Users.NewUserValidation::.ctor()
FNDA:2,System.Void Api.Users.NewUserValidation::.ctor()
DA:20,2
DA:21,2
DA:22,2
DA:23,2
DA:24,2
FN:31,System.Void Api.Users.CreateUser::.ctor(Domain.Users.IUsers,MediatR.IMediator,Microsoft.Extensions.Logging.ILogger`1<Api.Users.CreateUser>)
FNDA:2,System.Void Api.Users.CreateUser::.ctor(Domain.Users.IUsers,MediatR.IMediator,Microsoft.Extensions.Logging.ILogger`1<Api.Users.CreateUser>)
DA:32,2
DA:33,2
DA:34,2
DA:35,2
DA:36,2
DA:37,2
FN:38,System.Void Api.Users.CreateUser/<Handle>d__4::MoveNext()
FNDA:2,System.Void Api.Users.CreateUser/<Handle>d__4::MoveNext()
DA:39,2
DA:41,2
DA:42,2
DA:43,1
DA:44,1
DA:45,1
DA:47,1
DA:48,1
DA:50,1
DA:53,2
LF:23
LH:23
BRF:0
BRH:0
FNF:5
FNH:5
end_of_record
SF:C:\work\personal\projects\CoupleFinance\Services\Identity\Api\Users\UserController.cs
FN:16,System.Void Api.Users.UserController::.ctor(MediatR.IMediator,Api.Users.IUsersQuery)
FNDA:2,System.Void Api.Users.UserController::.ctor(MediatR.IMediator,Api.Users.IUsersQuery)
DA:17,2
DA:18,2
DA:19,2
DA:20,2
DA:21,2
FN:24,System.Void Api.Users.UserController/<Get>d__3::MoveNext()
FNDA:0,System.Void Api.Users.UserController/<Get>d__3::MoveNext()
DA:25,0
DA:26,0
DA:27,0
FN:30,System.Void Api.Users.UserController/<Get>d__4::MoveNext()
FNDA:0,System.Void Api.Users.UserController/<Get>d__4::MoveNext()
DA:31,0
DA:32,0
DA:33,0
FN:39,System.Void Api.Users.UserController/<Create>d__5::MoveNext()
FNDA:2,System.Void Api.Users.UserController/<Create>d__5::MoveNext()
DA:40,2
DA:41,2
DA:42,2
DA:43,1
DA:45,1
DA:46,2
BRDA:42,179,0,1
BRDA:42,179,1,1
LF:17
LH:11
BRF:2
BRH:2
FNF:4
FNH:2
end_of_record
SF:C:\work\personal\projects\CoupleFinance\Services\Identity\Api\Users\WelcomeNotification.cs
FN:22,System.String Api.Users.WelcomeNotification::get_Name()
FNDA:4,System.String Api.Users.WelcomeNotification::get_Name()
DA:23,4
FN:23,System.String Api.Users.WelcomeNotification::get_Email()
FNDA:4,System.String Api.Users.WelcomeNotification::get_Email()
DA:24,4
FN:16,System.Void Api.Users.WelcomeNotification::.ctor(System.String,System.String)
FNDA:2,System.Void Api.Users.WelcomeNotification::.ctor(System.String,System.String)
DA:17,2
DA:18,2
DA:19,2
DA:20,2
DA:21,2
FN:30,System.String Api.Users.SendWelcomeEmail::get_Token()
FNDA:3,System.String Api.Users.SendWelcomeEmail::get_Token()
DA:31,3
FN:31,System.Void Api.Users.SendWelcomeEmail::.ctor(FluentEmail.Core.IFluentEmail,Microsoft.Extensions.Configuration.IConfiguration)
FNDA:1,System.Void Api.Users.SendWelcomeEmail::.ctor(FluentEmail.Core.IFluentEmail,Microsoft.Extensions.Configuration.IConfiguration)
DA:32,1
DA:33,1
DA:34,1
DA:35,1
DA:36,1
FN:37,System.Void Api.Users.SendWelcomeEmail/<Handle>d__7::MoveNext()
FNDA:1,System.Void Api.Users.SendWelcomeEmail/<Handle>d__7::MoveNext()
DA:38,1
DA:39,1
DA:40,1
DA:41,1
DA:42,1
DA:43,1
DA:44,1
DA:45,1
DA:46,1
LF:22
LH:22
BRF:0
BRH:0
FNF:6
FNH:6
end_of_record
SF:C:\work\personal\projects\CoupleFinance\Services\Identity\Api\SeedWork\Pagination.cs
FN:11,System.Int32 Api.SeedWork.Pagination`1::get_PageIndex()
FNDA:0,System.Int32 Api.SeedWork.Pagination`1::get_PageIndex()
DA:12,0
FN:12,System.Int32 Api.SeedWork.Pagination`1::get_PageSize()
FNDA:0,System.Int32 Api.SeedWork.Pagination`1::get_PageSize()
DA:13,0
FN:13,System.Int32 Api.SeedWork.Pagination`1::get_TotalCount()
FNDA:0,System.Int32 Api.SeedWork.Pagination`1::get_TotalCount()
DA:14,0
FN:14,System.Int32 Api.SeedWork.Pagination`1::get_TotalPages()
FNDA:0,System.Int32 Api.SeedWork.Pagination`1::get_TotalPages()
DA:15,0
FN:15,System.Collections.Generic.List`1<T> Api.SeedWork.Pagination`1::get_Data()
FNDA:0,System.Collections.Generic.List`1<T> Api.SeedWork.Pagination`1::get_Data()
DA:16,0
FN:25,Api.SeedWork.Pagination`1<T> Api.SeedWork.Pagination`1::ToList()
FNDA:0,Api.SeedWork.Pagination`1<T> Api.SeedWork.Pagination`1::ToList()
DA:26,0
DA:27,0
DA:28,0
DA:29,0
DA:30,0
DA:31,0
FN:42,System.Boolean Api.SeedWork.Pagination`1::get_HasPreviousPage()
FNDA:0,System.Boolean Api.SeedWork.Pagination`1::get_HasPreviousPage()
DA:43,0
DA:44,0
DA:45,0
FN:50,System.Boolean Api.SeedWork.Pagination`1::get_HasNextPage()
FNDA:0,System.Boolean Api.SeedWork.Pagination`1::get_HasNextPage()
DA:51,0
DA:52,0
DA:53,0
FN:17,System.Void Api.SeedWork.Pagination`1::.ctor(System.Linq.IQueryable`1<T>,System.Int32,System.Int32)
FNDA:0,System.Void Api.SeedWork.Pagination`1::.ctor(System.Linq.IQueryable`1<T>,System.Int32,System.Int32)
DA:18,0
DA:19,0
DA:20,0
DA:21,0
DA:22,0
DA:23,0
FN:32,System.Void Api.SeedWork.Pagination`1/<ToListAsync>d__23::MoveNext()
FNDA:0,System.Void Api.SeedWork.Pagination`1/<ToListAsync>d__23::MoveNext()
DA:33,0
DA:34,0
DA:35,0
DA:36,0
DA:37,0
DA:38,0
LF:29
LH:0
BRF:0
BRH:0
FNF:10
FNH:0
end_of_record
SF:C:\work\personal\projects\CoupleFinance\Services\Identity\Api\SeedWork\PaginationQueryParams.cs
FN:4,System.Int32 Api.SeedWork.PaginationQueryParams::get_PageIndex()
FNDA:0,System.Int32 Api.SeedWork.PaginationQueryParams::get_PageIndex()
DA:5,0
FN:5,System.Int32 Api.SeedWork.PaginationQueryParams::get_PageSize()
FNDA:0,System.Int32 Api.SeedWork.PaginationQueryParams::get_PageSize()
DA:6,0
FN:6,System.String Api.SeedWork.PaginationQueryParams::get_Sort()
FNDA:0,System.String Api.SeedWork.PaginationQueryParams::get_Sort()
DA:7,0
LF:3
LH:0
BRF:0
BRH:0
FNF:3
FNH:0
end_of_record
SF:C:\work\personal\projects\CoupleFinance\Services\Identity\Api\SeedWork\Response.cs
FN:11,System.String Api.SeedWork.Response::get_Message()
FNDA:12,System.String Api.SeedWork.Response::get_Message()
DA:12,12
FN:12,System.Boolean Api.SeedWork.Response::get_Success()
FNDA:19,System.Boolean Api.SeedWork.Response::get_Success()
DA:13,19
FN:13,System.Object Api.SeedWork.Response::get_Data()
FNDA:9,System.Object Api.SeedWork.Response::get_Data()
DA:14,9
FN:4,System.Void Api.SeedWork.Response::.ctor(System.String,System.Boolean,System.Object)
FNDA:9,System.Void Api.SeedWork.Response::.ctor(System.String,System.Boolean,System.Object)
DA:5,9
DA:6,9
DA:7,9
DA:8,9
DA:9,9
DA:10,9
LF:9
LH:9
BRF:0
BRH:0
FNF:4
FNH:4
end_of_record
SF:C:\work\personal\projects\CoupleFinance\Services\Identity\Api\SeedWork\ValidationActionFilter.cs
FN:12,System.Void Api.SeedWork.ValidationActionFilter::OnActionExecuted(Microsoft.AspNetCore.Mvc.Filters.ActionExecutedContext)
FNDA:0,System.Void Api.SeedWork.ValidationActionFilter::OnActionExecuted(Microsoft.AspNetCore.Mvc.Filters.ActionExecutedContext)
DA:13,0
DA:14,0
DA:15,0
DA:16,0
DA:17,0
DA:18,0
DA:19,0
BRDA:14,17,0,0
BRDA:14,17,1,0
FN:21,System.Void Api.SeedWork.ValidationActionFilter::OnActionExecuting(Microsoft.AspNetCore.Mvc.Filters.ActionExecutingContext)
FNDA:0,System.Void Api.SeedWork.ValidationActionFilter::OnActionExecuting(Microsoft.AspNetCore.Mvc.Filters.ActionExecutingContext)
DA:22,0
DA:24,0
LF:9
LH:0
BRF:2
BRH:0
FNF:2
FNH:0
end_of_record
SF:C:\work\personal\projects\CoupleFinance\Services\Identity\Api\Auth\AuthController.cs
FN:16,System.Void Api.Auth.AuthController::.ctor(MediatR.IMediator)
FNDA:0,System.Void Api.Auth.AuthController::.ctor(MediatR.IMediator)
DA:17,0
DA:18,0
DA:19,0
DA:20,0
FN:26,System.Void Api.Auth.AuthController/<GetToken>d__2::MoveNext()
FNDA:0,System.Void Api.Auth.AuthController/<GetToken>d__2::MoveNext()
DA:27,0
DA:28,0
DA:29,0
DA:30,0
DA:32,0
DA:33,0
BRDA:29,179,0,0
BRDA:29,179,1,0
FN:38,System.Void Api.Auth.AuthController/<ChangePassword>d__3::MoveNext()
FNDA:0,System.Void Api.Auth.AuthController/<ChangePassword>d__3::MoveNext()
DA:39,0
DA:40,0
DA:41,0
DA:42,0
DA:43,0
DA:44,0
BRDA:41,179,0,0
BRDA:41,179,1,0
LF:16
LH:0
BRF:4
BRH:0
FNF:3
FNH:0
end_of_record
SF:C:\work\personal\projects\CoupleFinance\Services\Identity\Api\Auth\Authenticate.cs
FN:10,System.String Api.Auth.Credential::get_Email()
FNDA:26,System.String Api.Auth.Credential::get_Email()
DA:11,26
FN:13,System.Void Api.Auth.CredentialValidator::.ctor()
FNDA:2,System.Void Api.Auth.CredentialValidator::.ctor()
DA:14,2
DA:15,2
DA:16,2
DA:17,2
DA:18,2
FN:24,System.Void Api.Auth.Authenticate::.ctor(Domain.Users.IUsers,Microsoft.Extensions.Configuration.IConfiguration)
FNDA:3,System.Void Api.Auth.Authenticate::.ctor(Domain.Users.IUsers,Microsoft.Extensions.Configuration.IConfiguration)
DA:25,3
DA:26,3
DA:27,3
DA:28,3
DA:29,3
FN:30,System.Void Api.Auth.Authenticate/<Handle>d__3::MoveNext()
FNDA:3,System.Void Api.Auth.Authenticate/<Handle>d__3::MoveNext()
DA:31,3
DA:32,3
DA:33,3
DA:34,1
DA:36,2
DA:37,1
DA:39,1
DA:40,1
DA:41,3
BRDA:33,169,0,1
BRDA:33,169,1,2
BRDA:36,218,0,1
BRDA:36,218,1,1
LF:20
LH:20
BRF:4
BRH:4
FNF:4
FNH:4
end_of_record
SF:C:\work\personal\projects\CoupleFinance\Services\Identity\Api\Auth\ChangePassword.cs
FN:10,System.String Api.Auth.NewPassword::get_Email()
FNDA:35,System.String Api.Auth.NewPassword::get_Email()
DA:11,35
FN:13,System.Void Api.Auth.NewPasswordValidator::.ctor()
FNDA:2,System.Void Api.Auth.NewPasswordValidator::.ctor()
DA:14,2
DA:15,2
DA:16,2
DA:17,2
DA:18,5
DA:19,2
FN:24,System.Void Api.Auth.ChangePassword::.ctor(Domain.Users.IUsers)
FNDA:2,System.Void Api.Auth.ChangePassword::.ctor(Domain.Users.IUsers)
DA:25,2
DA:26,2
DA:27,2
DA:28,2
FN:30,System.Void Api.Auth.ChangePassword/<Handle>d__2::MoveNext()
FNDA:2,System.Void Api.Auth.ChangePassword/<Handle>d__2::MoveNext()
DA:31,2
DA:33,2
DA:34,2
DA:35,2
DA:36,1
DA:38,1
DA:39,1
DA:41,1
DA:43,2
LF:20
LH:20
BRF:0
BRH:0
FNF:4
FNH:4
end_of_record
SF:C:\work\personal\projects\CoupleFinance\Services\Identity\Api\Auth\TokenExtensions.cs
FN:12,System.String Api.Auth.TokenExtensions::GenerateToken(Microsoft.Extensions.Configuration.IConfiguration,System.String,System.String)
FNDA:2,System.String Api.Auth.TokenExtensions::GenerateToken(Microsoft.Extensions.Configuration.IConfiguration,System.String,System.String)
DA:13,2
DA:14,2
DA:15,2
DA:16,2
DA:17,2
DA:18,2
DA:19,2
DA:20,2
DA:21,2
DA:22,2
DA:23,2
DA:24,2
DA:25,2
DA:27,2
DA:28,2
DA:29,2
LF:16
LH:16
BRF:0
BRH:0
FNF:1
FNH:1
end_of_record
SF:C:\work\personal\projects\CoupleFinance\Services\Identity\Domain\Users\Password.cs
FN:9,System.ValueTuple`2<System.Boolean,System.String> Domain.Users.Password::Validate(System.String)
FNDA:22,System.ValueTuple`2<System.Boolean,System.String> Domain.Users.Password::Validate(System.String)
DA:10,22
DA:11,22
DA:12,22
DA:13,22
DA:14,22
DA:15,22
DA:16,22
DA:17,22
DA:18,22
DA:19,3
DA:20,3
DA:21,3
DA:22,3
DA:23,22
DA:24,2
DA:25,2
DA:26,2
DA:27,2
DA:28,22
DA:29,2
DA:30,2
DA:31,2
DA:32,2
DA:33,22
DA:34,2
DA:35,2
DA:36,2
DA:37,2
DA:38,22
DA:39,3
DA:40,3
DA:41,3
DA:42,3
DA:44,22
DA:45,22
BRDA:18,81,0,3
BRDA:18,81,1,22
BRDA:23,114,0,2
BRDA:23,114,1,22
BRDA:28,147,0,2
BRDA:28,147,1,22
BRDA:33,181,0,2
BRDA:33,181,1,22
BRDA:38,215,0,3
BRDA:38,215,1,22
FN:47,System.String Domain.Users.Password::GenerateRandom()
FNDA:14,System.String Domain.Users.Password::GenerateRandom()
DA:48,14
DA:49,14
DA:50,14
DA:51,14
DA:53,14
DA:54,14
DA:55,14
DA:56,14
DA:57,14
DA:58,14
LF:45
LH:45
BRF:10
BRH:10
FNF:2
FNH:2
end_of_record
SF:C:\work\personal\projects\CoupleFinance\Services\Identity\Domain\Users\User.cs
FN:6,System.Guid Domain.Users.User::get_Id()
FNDA:18,System.Guid Domain.Users.User::get_Id()
DA:7,18
FN:7,System.String Domain.Users.User::get_Name()
FNDA:16,System.String Domain.Users.User::get_Name()
DA:8,16
FN:8,System.String Domain.Users.User::get_Email()
FNDA:15,System.String Domain.Users.User::get_Email()
DA:9,15
FN:9,System.String Domain.Users.User::get_Password()
FNDA:21,System.String Domain.Users.User::get_Password()
DA:10,21
FN:10,System.Boolean Domain.Users.User::get_Active()
FNDA:17,System.Boolean Domain.Users.User::get_Active()
DA:11,17
FN:22,System.Void Domain.Users.User::ChangeName(System.String)
FNDA:17,System.Void Domain.Users.User::ChangeName(System.String)
DA:23,17
DA:24,17
DA:25,2
DA:26,15
DA:27,15
BRDA:24,9,0,2
BRDA:24,9,1,15
FN:28,System.Void Domain.Users.User::ChangeEmail(System.String)
FNDA:15,System.Void Domain.Users.User::ChangeEmail(System.String)
DA:29,15
DA:30,15
DA:31,1
DA:32,14
DA:33,14
BRDA:30,9,0,1
BRDA:30,9,1,14
FN:34,System.Void Domain.Users.User::ChangePassword(System.String,System.String)
FNDA:21,System.Void Domain.Users.User::ChangePassword(System.String,System.String)
DA:35,21
DA:36,21
DA:37,1
DA:39,20
DA:40,1
DA:42,19
DA:43,19
DA:44,1
DA:45,18
DA:46,18
BRDA:36,7,0,20
BRDA:36,7,1,1
BRDA:36,20,0,1
BRDA:36,20,1,20
BRDA:39,42,0,1
BRDA:39,42,1,19
BRDA:43,73,0,1
BRDA:43,73,1,18
FN:47,System.Boolean Domain.Users.User::VerifyPassword(System.String)
FNDA:3,System.Boolean Domain.Users.User::VerifyPassword(System.String)
DA:48,3
DA:49,3
DA:50,3
FN:50,System.Void Domain.Users.User::Activate()
FNDA:14,System.Void Domain.Users.User::Activate()
DA:51,14
FN:51,System.Void Domain.Users.User::Disable()
FNDA:1,System.Void Domain.Users.User::Disable()
DA:52,1
FN:11,System.Void Domain.Users.User::.ctor(System.String,System.String)
FNDA:17,System.Void Domain.Users.User::.ctor(System.String,System.String)
DA:12,17
DA:13,17
DA:14,17
DA:15,17
DA:16,15
DA:17,14
DA:18,14
DA:19,14
DA:20,14
LF:39
LH:39
BRF:12
BRH:12
FNF:12
FNH:12
end_of_record
SF:C:\work\personal\projects\CoupleFinance\Services\Identity\Domain\Users\UserException.cs
FN:6,System.Void Domain.Users.UserException::.ctor()
FNDA:0,System.Void Domain.Users.UserException::.ctor()
DA:7,0
DA:8,0
DA:9,0
FN:10,System.Void Domain.Users.UserException::.ctor(System.String)
FNDA:6,System.Void Domain.Users.UserException::.ctor(System.String)
DA:11,6
DA:12,6
DA:13,6
LF:6
LH:3
BRF:0
BRH:0
FNF:2
FNH:1
end_of_record
SF:C:\work\personal\projects\CoupleFinance\Services\Identity\Infra\UserContext.cs
FN:7,Microsoft.EntityFrameworkCore.DbSet`1<Domain.Users.User> Infra.UserContext::get_User()
FNDA:0,Microsoft.EntityFrameworkCore.DbSet`1<Domain.Users.User> Infra.UserContext::get_User()
DA:8,0
FN:8,System.Void Infra.UserContext::.ctor(Microsoft.EntityFrameworkCore.DbContextOptions)
FNDA:0,System.Void Infra.UserContext::.ctor(Microsoft.EntityFrameworkCore.DbContextOptions)
DA:9,0
DA:10,0
DA:11,0
LF:4
LH:0
BRF:0
BRH:0
FNF:2
FNH:0
end_of_record
SF:C:\work\personal\projects\CoupleFinance\Services\Identity\Infra\Users.cs
FN:10,System.Void Infra.Users::.ctor(Infra.UserContext)
FNDA:0,System.Void Infra.Users::.ctor(Infra.UserContext)
DA:11,0
DA:12,0
DA:13,0
DA:14,0
FN:16,System.Void Infra.Users/<Create>d__2::MoveNext()
FNDA:0,System.Void Infra.Users/<Create>d__2::MoveNext()
DA:17,0
DA:18,0
DA:19,0
DA:20,0
FN:22,System.Void Infra.Users/<Delete>d__3::MoveNext()
FNDA:0,System.Void Infra.Users/<Delete>d__3::MoveNext()
DA:23,0
DA:24,0
DA:25,0
DA:26,0
FN:28,System.Void Infra.Users/<Get>d__4::MoveNext()
FNDA:0,System.Void Infra.Users/<Get>d__4::MoveNext()
DA:29,0
DA:30,0
DA:31,0
FN:33,System.Void Infra.Users/<Get>d__5::MoveNext()
FNDA:0,System.Void Infra.Users/<Get>d__5::MoveNext()
DA:34,0
DA:35,0
DA:36,0
FN:38,System.Void Infra.Users/<Update>d__6::MoveNext()
FNDA:0,System.Void Infra.Users/<Update>d__6::MoveNext()
DA:39,0
DA:40,0
DA:41,0
DA:42,0
LF:22
LH:0
BRF:0
BRH:0
FNF:6
FNH:0
end_of_record
SF:C:\work\personal\projects\CoupleFinance\Services\Identity\Infra\Migrations\20220108225252_InicialCreate.cs
FN:8,System.Void Infra.Migrations.InicialCreate::Up(Microsoft.EntityFrameworkCore.Migrations.MigrationBuilder)
FNDA:0,System.Void Infra.Migrations.InicialCreate::Up(Microsoft.EntityFrameworkCore.Migrations.MigrationBuilder)
DA:9,0
DA:10,0
DA:11,0
DA:12,0
DA:13,0
DA:14,0
DA:15,0
DA:16,0
DA:17,0
DA:18,0
DA:19,0
DA:20,0
DA:21,0
DA:22,0
DA:23,0
DA:24,0
FN:26,System.Void Infra.Migrations.InicialCreate::Down(Microsoft.EntityFrameworkCore.Migrations.MigrationBuilder)
FNDA:0,System.Void Infra.Migrations.InicialCreate::Down(Microsoft.EntityFrameworkCore.Migrations.MigrationBuilder)
DA:27,0
DA:28,0
DA:29,0
DA:30,0
LF:20
LH:0
BRF:0
BRH:0
FNF:2
FNH:0
end_of_record
SF:C:\work\personal\projects\CoupleFinance\Services\Identity\Infra\Migrations\20220108225252_InicialCreate.Designer.cs
FN:16,System.Void Infra.Migrations.InicialCreate::BuildTargetModel(Microsoft.EntityFrameworkCore.ModelBuilder)
FNDA:0,System.Void Infra.Migrations.InicialCreate::BuildTargetModel(Microsoft.EntityFrameworkCore.ModelBuilder)
DA:17,0
DA:19,0
DA:20,0
DA:21,0
DA:22,0
DA:24,0
DA:25,0
DA:26,0
DA:27,0
DA:28,0
DA:29,0
DA:30,0
DA:31,0
DA:32,0
DA:33,0
DA:34,0
DA:35,0
DA:36,0
DA:37,0
DA:38,0
DA:39,0
DA:40,0
DA:41,0
DA:42,0
DA:43,0
DA:44,0
DA:45,0
DA:47,0
LF:28
LH:0
BRF:0
BRH:0
FNF:1
FNH:0
end_of_record
SF:C:\work\personal\projects\CoupleFinance\Services\Identity\Infra\Migrations\UserContextModelSnapshot.cs
FN:14,System.Void Infra.Migrations.UserContextModelSnapshot::BuildModel(Microsoft.EntityFrameworkCore.ModelBuilder)
FNDA:0,System.Void Infra.Migrations.UserContextModelSnapshot::BuildModel(Microsoft.EntityFrameworkCore.ModelBuilder)
DA:15,0
DA:17,0
DA:18,0
DA:19,0
DA:20,0
DA:22,0
DA:23,0
DA:24,0
DA:25,0
DA:26,0
DA:27,0
DA:28,0
DA:29,0
DA:30,0
DA:31,0
DA:32,0
DA:33,0
DA:34,0
DA:35,0
DA:36,0
DA:37,0
DA:38,0
DA:39,0
DA:40,0
DA:41,0
DA:42,0
DA:43,0
DA:45,0
LF:28
LH:0
BRF:0
BRH:0
FNF:1
FNH:0
end_of_record